<?xml version="1.0" encoding="UTF-8"?>
<testsuite name="skd.test.experiements" tests="1" skipped="0" failures="0" errors="0" timestamp="2019-12-16T05:47:54" hostname="sapan-D" time="0.012">
  <properties/>
  <testcase name="packageName" classname="skd.test.experiements" time="0.012"/>
  <system-out><![CDATA[Started
package chalba
]]></system-out>
  <system-err><![CDATA[]]></system-err>
</testsuite>
